[ 2017-01-09T09:57:48+08:00 ] ::1 /project2/
INFO: [ app_init ] --START--
INFO: Run Behavior\BuildLiteBehavior [ RunTime:0.000000s ]
INFO: [ app_init ] --END-- [ RunTime:0.040002s ]
INFO: [ app_begin ] --START--
INFO: Run Behavior\ReadHtmlCacheBehavior [ RunTime:0.040002s ]
INFO: [ app_begin ] --END-- [ RunTime:0.041003s ]
NOTIC: [8192] mysql_connect(): The mysql extension is deprecated and will be removed in the future: use mysqli or PDO instead D:\phpStudy\WWW\project2\ThinkPHP\Library\Think\Db\Driver\Mysql.class.php 第 52 行.
SQL: SHOW COLUMNS FROM `type` [ RunTime:0.004000s ]
SQL: SELECT * FROM `type` WHERE ( fid=0 and state<9 )  [ RunTime:0.001000s ]
INFO: [ view_parse ] --START--
INFO: [ template_filter ] --START--
INFO: Run Behavior\ContentReplaceBehavior [ RunTime:0.001000s ]
INFO: [ template_filter ] --END-- [ RunTime:0.001000s ]
INFO: Run Behavior\ParseTemplateBehavior [ RunTime:0.979056s ]
INFO: [ view_parse ] --END-- [ RunTime:0.979056s ]
INFO: [ view_filter ] --START--
INFO: Run Behavior\WriteHtmlCacheBehavior [ RunTime:0.011000s ]
INFO: [ view_filter ] --END-- [ RunTime:0.011000s ]
INFO: [ app_end ] --START--
INFO: Run Behavior\ShowPageTraceBehavior [ RunTime:0.466026s ]
INFO: [ app_end ] --END-- [ RunTime:0.466026s ]

[ 2017-01-09T09:58:16+08:00 ] ::1 /project2/index.php/Home/Product/lister/tid/1
INFO: [ app_init ] --START--
INFO: Run Behavior\BuildLiteBehavior [ RunTime:0.000000s ]
INFO: [ app_init ] --END-- [ RunTime:0.001000s ]
INFO: [ app_begin ] --START--
INFO: Run Behavior\ReadHtmlCacheBehavior [ RunTime:0.001000s ]
INFO: [ app_begin ] --END-- [ RunTime:0.001000s ]
NOTIC: [8192] mysql_connect(): The mysql extension is deprecated and will be removed in the future: use mysqli or PDO instead D:\phpStudy\WWW\project2\ThinkPHP\Library\Think\Db\Driver\Mysql.class.php 第 52 行.
SQL: SHOW COLUMNS FROM `type` [ RunTime:0.004000s ]
SQL: SELECT * FROM `type` WHERE ( fid=0 and state<9 )  [ RunTime:0.000000s ]
SQL: SHOW COLUMNS FROM `product` [ RunTime:0.004000s ]
SQL: SELECT COUNT(*) AS tp_count FROM `product` WHERE ( state<9 and typestr like '>1>%' ) LIMIT 1   [ RunTime:0.001000s ]
SQL: SELECT * FROM `product` WHERE ( state<9 and typestr like '>1>%' ) LIMIT 0,10   [ RunTime:0.000000s ]
SQL: SHOW COLUMNS FROM `productimage` [ RunTime:0.004001s ]
SQL: SELECT * FROM `productimage` WHERE ( productid=16 ) LIMIT 1   [ RunTime:0.000000s ]
SQL: SELECT * FROM `productimage` WHERE ( productid=17 ) LIMIT 1   [ RunTime:0.001000s ]
INFO: [ view_parse ] --START--
INFO: [ template_filter ] --START--
INFO: Run Behavior\ContentReplaceBehavior [ RunTime:0.000000s ]
INFO: [ template_filter ] --END-- [ RunTime:0.000000s ]
INFO: Run Behavior\ParseTemplateBehavior [ RunTime:0.048002s ]
INFO: [ view_parse ] --END-- [ RunTime:0.048002s ]
INFO: [ view_filter ] --START--
INFO: Run Behavior\WriteHtmlCacheBehavior [ RunTime:0.000000s ]
INFO: [ view_filter ] --END-- [ RunTime:0.000000s ]
INFO: [ app_end ] --START--
INFO: Run Behavior\ShowPageTraceBehavior [ RunTime:0.002001s ]
INFO: [ app_end ] --END-- [ RunTime:0.002001s ]

[ 2017-01-09T09:58:26+08:00 ] ::1 /project2/index.php/Home/Product/lister/tid/api/cron.php?t=1344195212
INFO: [ app_init ] --START--
INFO: Run Behavior\BuildLiteBehavior [ RunTime:0.000000s ]
INFO: [ app_init ] --END-- [ RunTime:0.000000s ]
INFO: [ app_begin ] --START--
INFO: Run Behavior\ReadHtmlCacheBehavior [ RunTime:0.001000s ]
INFO: [ app_begin ] --END-- [ RunTime:0.001000s ]
NOTIC: [8192] mysql_connect(): The mysql extension is deprecated and will be removed in the future: use mysqli or PDO instead D:\phpStudy\WWW\project2\ThinkPHP\Library\Think\Db\Driver\Mysql.class.php 第 52 行.
SQL: SHOW COLUMNS FROM `type` [ RunTime:0.005001s ]
SQL: SELECT * FROM `type` WHERE ( fid=0 and state<9 )  [ RunTime:0.000000s ]
SQL: SHOW COLUMNS FROM `product` [ RunTime:0.004000s ]
SQL: SELECT COUNT(*) AS tp_count FROM `product` LIMIT 1   [ RunTime:0.001000s ]
SQL: SELECT * FROM `product` LIMIT 0,10   [ RunTime:0.001000s ]
SQL: SHOW COLUMNS FROM `productimage` [ RunTime:0.004000s ]
SQL: SELECT * FROM `productimage` WHERE ( productid=10 ) LIMIT 1   [ RunTime:0.000000s ]
SQL: SELECT * FROM `productimage` WHERE ( productid=11 ) LIMIT 1   [ RunTime:0.001000s ]
SQL: SELECT * FROM `productimage` WHERE ( productid=12 ) LIMIT 1   [ RunTime:0.000000s ]
SQL: SELECT * FROM `productimage` WHERE ( productid=13 ) LIMIT 1   [ RunTime:0.001000s ]
SQL: SELECT * FROM `productimage` WHERE ( productid=14 ) LIMIT 1   [ RunTime:0.000000s ]
SQL: SELECT * FROM `productimage` WHERE ( productid=15 ) LIMIT 1   [ RunTime:0.001001s ]
SQL: SELECT * FROM `productimage` WHERE ( productid=16 ) LIMIT 1   [ RunTime:0.000000s ]
SQL: SELECT * FROM `productimage` WHERE ( productid=17 ) LIMIT 1   [ RunTime:0.000000s ]
INFO: [ view_parse ] --START--
INFO: [ template_filter ] --START--
INFO: Run Behavior\ContentReplaceBehavior [ RunTime:0.001000s ]
INFO: [ template_filter ] --END-- [ RunTime:0.001000s ]
INFO: Run Behavior\ParseTemplateBehavior [ RunTime:0.024001s ]
INFO: [ view_parse ] --END-- [ RunTime:0.024001s ]
INFO: [ view_filter ] --START--
INFO: Run Behavior\WriteHtmlCacheBehavior [ RunTime:0.000000s ]
INFO: [ view_filter ] --END-- [ RunTime:0.001000s ]
INFO: [ app_end ] --START--
INFO: Run Behavior\ShowPageTraceBehavior [ RunTime:0.000000s ]
INFO: [ app_end ] --END-- [ RunTime:0.000000s ]

