[ 2017-01-09T10:00:30+08:00 ] ::1 /carshop/
INFO: [ app_init ] --START--
INFO: Run Behavior\BuildLiteBehavior [ RunTime:0.000000s ]
INFO: [ app_init ] --END-- [ RunTime:0.278016s ]
INFO: [ app_begin ] --START--
INFO: Run Behavior\ReadHtmlCacheBehavior [ RunTime:0.012000s ]
INFO: [ app_begin ] --END-- [ RunTime:0.012000s ]
NOTIC: [8192] mysql_connect(): The mysql extension is deprecated and will be removed in the future: use mysqli or PDO instead D:\phpStudy\WWW\carshop\ThinkPHP\Library\Think\Db\Driver\Mysql.class.php 第 52 行.
SQL: SHOW COLUMNS FROM `cs_cate` [ RunTime:0.005001s ]
SQL: SELECT `id`,`name`,`type` FROM `cs_cate` WHERE ( `parentid` = 0 ) AND ( `pc` = 1 ) ORDER BY sort asc  [ RunTime:0.001000s ]
SQL: SHOW COLUMNS FROM `cs_link` [ RunTime:0.003000s ]
SQL: SELECT `title`,`url` FROM `cs_link`  [ RunTime:0.000000s ]
SQL: SHOW COLUMNS FROM `cs_article` [ RunTime:0.004000s ]
SQL: SELECT `id`,`title`,`pic`,`rizu` FROM `cs_article` WHERE ( cateid=151 ) ORDER BY id desc LIMIT 3   [ RunTime:0.000000s ]
SQL: SELECT `id`,`title`,`pic`,`rizu` FROM `cs_article` WHERE ( cateid=149 ) ORDER BY id desc  [ RunTime:0.000000s ]
SQL: SELECT `id`,`title`,`time` FROM `cs_article` WHERE ( cateid=150 ) ORDER BY id desc LIMIT 3   [ RunTime:0.001000s ]
INFO: [ view_parse ] --START--
INFO: [ template_filter ] --START--
INFO: Run Behavior\ContentReplaceBehavior [ RunTime:0.000000s ]
INFO: [ template_filter ] --END-- [ RunTime:0.000000s ]
INFO: Run Behavior\ParseTemplateBehavior [ RunTime:0.496028s ]
INFO: [ view_parse ] --END-- [ RunTime:0.496028s ]
INFO: [ view_filter ] --START--
INFO: Run Behavior\WriteHtmlCacheBehavior [ RunTime:0.084005s ]
INFO: [ view_filter ] --END-- [ RunTime:0.084005s ]
INFO: [ app_end ] --START--
INFO: Run Behavior\ShowPageTraceBehavior [ RunTime:0.164009s ]
INFO: [ app_end ] --END-- [ RunTime:0.164009s ]

