[ 2017-01-09T09:58:43+08:00 ] ::1 /TP/t/
INFO: [ app_init ] --START--
INFO: Run Behavior\BuildLiteBehavior [ RunTime:0.000000s ]
INFO: [ app_init ] --END-- [ RunTime:0.000000s ]
INFO: [ app_begin ] --START--
INFO: Run Behavior\ReadHtmlCacheBehavior [ RunTime:0.001000s ]
INFO: [ app_begin ] --END-- [ RunTime:0.001000s ]
NOTIC: [8192] mysql_connect(): The mysql extension is deprecated and will be removed in the future: use mysqli or PDO instead D:\phpStudy\WWW\TP\t\library\ThinkPHP\Library\Think\Db\Driver\Mysql.class.php 第 52 行.
SQL: SHOW COLUMNS FROM `type` [ RunTime:0.004001s ]
SQL: SELECT * FROM `type` WHERE ( fid=0 )  [ RunTime:0.001000s ]
NOTIC: [8] Undefined index: username D:\phpStudy\WWW\TP\t\application\Home\Controller\BaseController.class.php 第 23 行.
NOTIC: [8] Undefined index: userid D:\phpStudy\WWW\TP\t\application\Home\Controller\BaseController.class.php 第 25 行.
SQL: SHOW COLUMNS FROM `cart` [ RunTime:0.004000s ]
SQL: SELECT SUM(buynum) AS tp_sum FROM `cart` WHERE ( userid= ) LIMIT 1   [ RunTime:0.000000s ]
ERR: 1064:You have an error in your SQL syntax; check the manual that corresponds to your MySQL server version for the right syntax to use near ') LIMIT 1' at line 1
 [ SQL语句 ] : SELECT SUM(buynum) AS tp_sum FROM `cart` WHERE ( userid= ) LIMIT 1  
INFO: [ view_parse ] --START--
INFO: [ template_filter ] --START--
INFO: Run Behavior\ContentReplaceBehavior [ RunTime:0.001000s ]
INFO: [ template_filter ] --END-- [ RunTime:0.001000s ]
INFO: Run Behavior\ParseTemplateBehavior [ RunTime:0.436025s ]
INFO: [ view_parse ] --END-- [ RunTime:0.436025s ]
INFO: [ view_filter ] --START--
INFO: Run Behavior\WriteHtmlCacheBehavior [ RunTime:0.000000s ]
INFO: [ view_filter ] --END-- [ RunTime:0.000000s ]
INFO: [ app_end ] --START--
INFO: Run Behavior\ShowPageTraceBehavior [ RunTime:0.001000s ]
INFO: [ app_end ] --END-- [ RunTime:0.001000s ]

[ 2017-01-09T09:58:50+08:00 ] ::1 /TP/t/index.php/product/lst/tid/1
INFO: [ app_init ] --START--
INFO: Run Behavior\BuildLiteBehavior [ RunTime:0.000000s ]
INFO: [ app_init ] --END-- [ RunTime:0.001000s ]
INFO: [ app_begin ] --START--
INFO: Run Behavior\ReadHtmlCacheBehavior [ RunTime:0.000000s ]
INFO: [ app_begin ] --END-- [ RunTime:0.000000s ]
NOTIC: [8192] mysql_connect(): The mysql extension is deprecated and will be removed in the future: use mysqli or PDO instead D:\phpStudy\WWW\TP\t\library\ThinkPHP\Library\Think\Db\Driver\Mysql.class.php 第 52 行.
SQL: SHOW COLUMNS FROM `type` [ RunTime:0.004000s ]
SQL: SELECT * FROM `type` WHERE ( fid=0 )  [ RunTime:0.000000s ]
NOTIC: [8] Undefined index: username D:\phpStudy\WWW\TP\t\application\Home\Controller\BaseController.class.php 第 23 行.
NOTIC: [8] Undefined index: userid D:\phpStudy\WWW\TP\t\application\Home\Controller\BaseController.class.php 第 25 行.
SQL: SHOW COLUMNS FROM `cart` [ RunTime:0.003000s ]
SQL: SELECT SUM(buynum) AS tp_sum FROM `cart` WHERE ( userid= ) LIMIT 1   [ RunTime:0.000000s ]
ERR: 1064:You have an error in your SQL syntax; check the manual that corresponds to your MySQL server version for the right syntax to use near ') LIMIT 1' at line 1
 [ SQL语句 ] : SELECT SUM(buynum) AS tp_sum FROM `cart` WHERE ( userid= ) LIMIT 1  
SQL: SHOW COLUMNS FROM `product` [ RunTime:0.004001s ]
SQL: SELECT COUNT(*) AS tp_count FROM `product` WHERE ( state<9 and typestr like '>1>%' ) LIMIT 1   [ RunTime:0.000000s ]
SQL: SELECT * FROM `product` WHERE ( state<9 and typestr like '>1>%' ) LIMIT 0,3   [ RunTime:0.001000s ]
SQL: SHOW COLUMNS FROM `productimage` [ RunTime:0.004000s ]
SQL: SELECT * FROM `productimage` WHERE ( productid=16 ) LIMIT 1   [ RunTime:0.000000s ]
SQL: SELECT * FROM `productimage` WHERE ( productid=17 ) LIMIT 1   [ RunTime:0.001000s ]
SQL: SELECT * FROM `productimage` WHERE ( productid=19 ) LIMIT 1   [ RunTime:0.000000s ]
SQL: SELECT * FROM `type` WHERE ( id=1 ) LIMIT 1   [ RunTime:0.001000s ]
INFO: [ view_parse ] --START--
INFO: [ template_filter ] --START--
INFO: Run Behavior\ContentReplaceBehavior [ RunTime:0.001000s ]
INFO: [ template_filter ] --END-- [ RunTime:0.001000s ]
NOTIC: [8] Undefined variable: navStr D:\phpStudy\WWW\TP\t\application\Runtime\Cache\Home\7f60d550a87ce5b9a3080f0a6bdc5351.php 第 261 行.
INFO: Run Behavior\ParseTemplateBehavior [ RunTime:0.167010s ]
INFO: [ view_parse ] --END-- [ RunTime:0.167010s ]
INFO: [ view_filter ] --START--
INFO: Run Behavior\WriteHtmlCacheBehavior [ RunTime:0.000000s ]
INFO: [ view_filter ] --END-- [ RunTime:0.000000s ]
INFO: [ app_end ] --START--
INFO: Run Behavior\ShowPageTraceBehavior [ RunTime:0.001000s ]
INFO: [ app_end ] --END-- [ RunTime:0.001000s ]

[ 2017-01-09T09:59:03+08:00 ] ::1 /TP/t/index.php/product/lst/tid/api/cron.php?t=1344195212
INFO: [ app_init ] --START--
INFO: Run Behavior\BuildLiteBehavior [ RunTime:0.000000s ]
INFO: [ app_init ] --END-- [ RunTime:0.001000s ]
INFO: [ app_begin ] --START--
INFO: Run Behavior\ReadHtmlCacheBehavior [ RunTime:0.001001s ]
INFO: [ app_begin ] --END-- [ RunTime:0.001001s ]
NOTIC: [8192] mysql_connect(): The mysql extension is deprecated and will be removed in the future: use mysqli or PDO instead D:\phpStudy\WWW\TP\t\library\ThinkPHP\Library\Think\Db\Driver\Mysql.class.php 第 52 行.
SQL: SHOW COLUMNS FROM `type` [ RunTime:0.004000s ]
SQL: SELECT * FROM `type` WHERE ( fid=0 )  [ RunTime:0.002000s ]
NOTIC: [8] Undefined index: username D:\phpStudy\WWW\TP\t\application\Home\Controller\BaseController.class.php 第 23 行.
NOTIC: [8] Undefined index: userid D:\phpStudy\WWW\TP\t\application\Home\Controller\BaseController.class.php 第 25 行.
SQL: SHOW COLUMNS FROM `cart` [ RunTime:0.005000s ]
SQL: SELECT SUM(buynum) AS tp_sum FROM `cart` WHERE ( userid= ) LIMIT 1   [ RunTime:0.001000s ]
ERR: 1064:You have an error in your SQL syntax; check the manual that corresponds to your MySQL server version for the right syntax to use near ') LIMIT 1' at line 1
 [ SQL语句 ] : SELECT SUM(buynum) AS tp_sum FROM `cart` WHERE ( userid= ) LIMIT 1  
SQL: SHOW COLUMNS FROM `product` [ RunTime:0.004001s ]
SQL: SELECT COUNT(*) AS tp_count FROM `product` LIMIT 1   [ RunTime:0.000000s ]
SQL: SELECT * FROM `product` LIMIT 0,3   [ RunTime:0.001000s ]
SQL: SHOW COLUMNS FROM `productimage` [ RunTime:0.004000s ]
SQL: SELECT * FROM `productimage` WHERE ( productid=16 ) LIMIT 1   [ RunTime:0.001000s ]
SQL: SELECT * FROM `productimage` WHERE ( productid=17 ) LIMIT 1   [ RunTime:0.000000s ]
SQL: SELECT * FROM `productimage` WHERE ( productid=18 ) LIMIT 1   [ RunTime:0.000000s ]
SQL: SELECT * FROM `type` WHERE ( id=api ) LIMIT 1   [ RunTime:0.000000s ]
ERR: 1054:Unknown column 'api' in 'where clause'
 [ SQL语句 ] : SELECT * FROM `type` WHERE ( id=api ) LIMIT 1  
INFO: [ view_parse ] --START--
INFO: [ template_filter ] --START--
INFO: Run Behavior\ContentReplaceBehavior [ RunTime:0.001000s ]
INFO: [ template_filter ] --END-- [ RunTime:0.001000s ]
NOTIC: [8] Undefined variable: navStr D:\phpStudy\WWW\TP\t\application\Runtime\Cache\Home\7f60d550a87ce5b9a3080f0a6bdc5351.php 第 261 行.
INFO: Run Behavior\ParseTemplateBehavior [ RunTime:0.025002s ]
INFO: [ view_parse ] --END-- [ RunTime:0.026002s ]
INFO: [ view_filter ] --START--
INFO: Run Behavior\WriteHtmlCacheBehavior [ RunTime:0.001000s ]
INFO: [ view_filter ] --END-- [ RunTime:0.001000s ]
INFO: [ app_end ] --START--
INFO: Run Behavior\ShowPageTraceBehavior [ RunTime:0.003000s ]
INFO: [ app_end ] --END-- [ RunTime:0.003000s ]

[ 2017-01-09T09:59:06+08:00 ] ::1 /TP/t/index.php/User/login
INFO: [ app_init ] --START--
INFO: Run Behavior\BuildLiteBehavior [ RunTime:0.000000s ]
INFO: [ app_init ] --END-- [ RunTime:0.001000s ]
INFO: [ app_begin ] --START--
INFO: Run Behavior\ReadHtmlCacheBehavior [ RunTime:0.000000s ]
INFO: [ app_begin ] --END-- [ RunTime:0.000000s ]
NOTIC: [8192] mysql_connect(): The mysql extension is deprecated and will be removed in the future: use mysqli or PDO instead D:\phpStudy\WWW\TP\t\library\ThinkPHP\Library\Think\Db\Driver\Mysql.class.php 第 52 行.
SQL: SHOW COLUMNS FROM `type` [ RunTime:0.005000s ]
SQL: SELECT * FROM `type` WHERE ( fid=0 )  [ RunTime:0.000000s ]
NOTIC: [8] Undefined index: username D:\phpStudy\WWW\TP\t\application\Home\Controller\BaseController.class.php 第 23 行.
NOTIC: [8] Undefined index: userid D:\phpStudy\WWW\TP\t\application\Home\Controller\BaseController.class.php 第 25 行.
SQL: SHOW COLUMNS FROM `cart` [ RunTime:0.004000s ]
SQL: SELECT SUM(buynum) AS tp_sum FROM `cart` WHERE ( userid= ) LIMIT 1   [ RunTime:0.000000s ]
ERR: 1064:You have an error in your SQL syntax; check the manual that corresponds to your MySQL server version for the right syntax to use near ') LIMIT 1' at line 1
 [ SQL语句 ] : SELECT SUM(buynum) AS tp_sum FROM `cart` WHERE ( userid= ) LIMIT 1  
INFO: [ view_parse ] --START--
INFO: [ template_filter ] --START--
INFO: Run Behavior\ContentReplaceBehavior [ RunTime:0.001000s ]
INFO: [ template_filter ] --END-- [ RunTime:0.001000s ]
INFO: Run Behavior\ParseTemplateBehavior [ RunTime:0.235014s ]
INFO: [ view_parse ] --END-- [ RunTime:0.235014s ]
INFO: [ view_filter ] --START--
INFO: Run Behavior\WriteHtmlCacheBehavior [ RunTime:0.001000s ]
INFO: [ view_filter ] --END-- [ RunTime:0.001000s ]
INFO: [ app_end ] --START--
INFO: Run Behavior\ShowPageTraceBehavior [ RunTime:0.002000s ]
INFO: [ app_end ] --END-- [ RunTime:0.002000s ]

[ 2017-01-09T09:59:08+08:00 ] ::1 /TP/t/index.php/User/api/cron.php?t=1344196727
INFO: [ app_init ] --START--
INFO: Run Behavior\BuildLiteBehavior [ RunTime:0.000000s ]
INFO: [ app_init ] --END-- [ RunTime:0.001000s ]
INFO: [ app_begin ] --START--
INFO: Run Behavior\ReadHtmlCacheBehavior [ RunTime:0.000000s ]
INFO: [ app_begin ] --END-- [ RunTime:0.000000s ]
NOTIC: [8192] mysql_connect(): The mysql extension is deprecated and will be removed in the future: use mysqli or PDO instead D:\phpStudy\WWW\TP\t\library\ThinkPHP\Library\Think\Db\Driver\Mysql.class.php 第 52 行.
SQL: SHOW COLUMNS FROM `type` [ RunTime:0.004000s ]
SQL: SELECT * FROM `type` WHERE ( fid=0 )  [ RunTime:0.000000s ]
NOTIC: [8] Undefined index: username D:\phpStudy\WWW\TP\t\application\Home\Controller\BaseController.class.php 第 23 行.
NOTIC: [8] Undefined index: userid D:\phpStudy\WWW\TP\t\application\Home\Controller\BaseController.class.php 第 25 行.
SQL: SHOW COLUMNS FROM `cart` [ RunTime:0.004001s ]
SQL: SELECT SUM(buynum) AS tp_sum FROM `cart` WHERE ( userid= ) LIMIT 1   [ RunTime:0.000000s ]
ERR: 1064:You have an error in your SQL syntax; check the manual that corresponds to your MySQL server version for the right syntax to use near ') LIMIT 1' at line 1
 [ SQL语句 ] : SELECT SUM(buynum) AS tp_sum FROM `cart` WHERE ( userid= ) LIMIT 1  
ERR: 非法操作:api

[ 2017-01-09T09:59:10+08:00 ] ::1 /TP/t/index.php/product/lst/tid/api/cron.php?t=1344195212
INFO: [ app_init ] --START--
INFO: Run Behavior\BuildLiteBehavior [ RunTime:0.000000s ]
INFO: [ app_init ] --END-- [ RunTime:0.000000s ]
INFO: [ app_begin ] --START--
INFO: Run Behavior\ReadHtmlCacheBehavior [ RunTime:0.001000s ]
INFO: [ app_begin ] --END-- [ RunTime:0.001000s ]
NOTIC: [8192] mysql_connect(): The mysql extension is deprecated and will be removed in the future: use mysqli or PDO instead D:\phpStudy\WWW\TP\t\library\ThinkPHP\Library\Think\Db\Driver\Mysql.class.php 第 52 行.
SQL: SHOW COLUMNS FROM `type` [ RunTime:0.003000s ]
SQL: SELECT * FROM `type` WHERE ( fid=0 )  [ RunTime:0.001000s ]
NOTIC: [8] Undefined index: username D:\phpStudy\WWW\TP\t\application\Home\Controller\BaseController.class.php 第 23 行.
NOTIC: [8] Undefined index: userid D:\phpStudy\WWW\TP\t\application\Home\Controller\BaseController.class.php 第 25 行.
SQL: SHOW COLUMNS FROM `cart` [ RunTime:0.003000s ]
SQL: SELECT SUM(buynum) AS tp_sum FROM `cart` WHERE ( userid= ) LIMIT 1   [ RunTime:0.000000s ]
ERR: 1064:You have an error in your SQL syntax; check the manual that corresponds to your MySQL server version for the right syntax to use near ') LIMIT 1' at line 1
 [ SQL语句 ] : SELECT SUM(buynum) AS tp_sum FROM `cart` WHERE ( userid= ) LIMIT 1  
SQL: SHOW COLUMNS FROM `product` [ RunTime:0.003000s ]
SQL: SELECT COUNT(*) AS tp_count FROM `product` LIMIT 1   [ RunTime:0.000000s ]
SQL: SELECT * FROM `product` LIMIT 0,3   [ RunTime:0.002000s ]
SQL: SHOW COLUMNS FROM `productimage` [ RunTime:0.003001s ]
SQL: SELECT * FROM `productimage` WHERE ( productid=16 ) LIMIT 1   [ RunTime:0.000000s ]
SQL: SELECT * FROM `productimage` WHERE ( productid=17 ) LIMIT 1   [ RunTime:0.000000s ]
SQL: SELECT * FROM `productimage` WHERE ( productid=18 ) LIMIT 1   [ RunTime:0.001000s ]
SQL: SELECT * FROM `type` WHERE ( id=api ) LIMIT 1   [ RunTime:0.000000s ]
ERR: 1054:Unknown column 'api' in 'where clause'
 [ SQL语句 ] : SELECT * FROM `type` WHERE ( id=api ) LIMIT 1  
INFO: [ view_parse ] --START--
INFO: [ template_filter ] --START--
INFO: Run Behavior\ContentReplaceBehavior [ RunTime:0.000000s ]
INFO: [ template_filter ] --END-- [ RunTime:0.000000s ]
NOTIC: [8] Undefined variable: navStr D:\phpStudy\WWW\TP\t\application\Runtime\Cache\Home\7f60d550a87ce5b9a3080f0a6bdc5351.php 第 261 行.
INFO: Run Behavior\ParseTemplateBehavior [ RunTime:0.029001s ]
INFO: [ view_parse ] --END-- [ RunTime:0.029001s ]
INFO: [ view_filter ] --START--
INFO: Run Behavior\WriteHtmlCacheBehavior [ RunTime:0.000000s ]
INFO: [ view_filter ] --END-- [ RunTime:0.000000s ]
INFO: [ app_end ] --START--
INFO: Run Behavior\ShowPageTraceBehavior [ RunTime:0.001000s ]
INFO: [ app_end ] --END-- [ RunTime:0.001000s ]

[ 2017-01-09T09:59:17+08:00 ] ::1 /TP/t/index.php/Product/detail/id/19/tid/1
INFO: [ app_init ] --START--
INFO: Run Behavior\BuildLiteBehavior [ RunTime:0.000000s ]
INFO: [ app_init ] --END-- [ RunTime:0.001000s ]
INFO: [ app_begin ] --START--
INFO: Run Behavior\ReadHtmlCacheBehavior [ RunTime:0.001000s ]
INFO: [ app_begin ] --END-- [ RunTime:0.001000s ]
NOTIC: [8192] mysql_connect(): The mysql extension is deprecated and will be removed in the future: use mysqli or PDO instead D:\phpStudy\WWW\TP\t\library\ThinkPHP\Library\Think\Db\Driver\Mysql.class.php 第 52 行.
SQL: SHOW COLUMNS FROM `type` [ RunTime:0.003001s ]
SQL: SELECT * FROM `type` WHERE ( fid=0 )  [ RunTime:0.000000s ]
NOTIC: [8] Undefined index: username D:\phpStudy\WWW\TP\t\application\Home\Controller\BaseController.class.php 第 23 行.
NOTIC: [8] Undefined index: userid D:\phpStudy\WWW\TP\t\application\Home\Controller\BaseController.class.php 第 25 行.
SQL: SHOW COLUMNS FROM `cart` [ RunTime:0.004000s ]
SQL: SELECT SUM(buynum) AS tp_sum FROM `cart` WHERE ( userid= ) LIMIT 1   [ RunTime:0.001000s ]
ERR: 1064:You have an error in your SQL syntax; check the manual that corresponds to your MySQL server version for the right syntax to use near ') LIMIT 1' at line 1
 [ SQL语句 ] : SELECT SUM(buynum) AS tp_sum FROM `cart` WHERE ( userid= ) LIMIT 1  
SQL: SHOW COLUMNS FROM `product` [ RunTime:0.005000s ]
SQL: SELECT * FROM `product` WHERE ( id=19 ) LIMIT 1   [ RunTime:0.001000s ]
SQL: SHOW COLUMNS FROM `productimage` [ RunTime:0.003000s ]
SQL: SELECT * FROM `productimage` WHERE ( productid=19 ) LIMIT 1   [ RunTime:0.000000s ]
SQL: SELECT * FROM `productimage` WHERE ( productid=19 ) LIMIT 1   [ RunTime:0.000000s ]
SQL: SELECT * FROM `productimage` WHERE ( productid=19 ) LIMIT 1   [ RunTime:0.000000s ]
SQL: SELECT * FROM `productimage` WHERE ( productid=19 ) LIMIT 1   [ RunTime:0.001001s ]
SQL: SELECT * FROM `productimage` WHERE ( productid=19 ) LIMIT 1   [ RunTime:0.000000s ]
SQL: SELECT * FROM `productimage` WHERE ( productid=19 ) LIMIT 1   [ RunTime:0.000000s ]
SQL: SELECT * FROM `productimage` WHERE ( productid=19 ) LIMIT 1   [ RunTime:0.001000s ]
SQL: SELECT * FROM `productimage` WHERE ( productid=19 ) LIMIT 1   [ RunTime:0.000000s ]
SQL: SELECT * FROM `productimage` WHERE ( productid=19 ) LIMIT 1   [ RunTime:0.000000s ]
SQL: SELECT * FROM `productimage` WHERE ( productid=19 ) LIMIT 1   [ RunTime:0.001000s ]
SQL: SELECT * FROM `productimage` WHERE ( productid=19 ) LIMIT 1   [ RunTime:0.000000s ]
SQL: SELECT * FROM `type` WHERE ( id=1 ) LIMIT 1   [ RunTime:0.000000s ]
SQL: SELECT * FROM `type` WHERE ( id=2 ) LIMIT 1   [ RunTime:0.000000s ]
SQL: SHOW COLUMNS FROM `brand` [ RunTime:0.003000s ]
SQL: SELECT * FROM `brand` WHERE ( id=10 ) LIMIT 1   [ RunTime:0.001000s ]
SQL: SELECT * FROM `productimage` WHERE ( productid=19 )  [ RunTime:0.000000s ]
INFO: [ view_parse ] --START--
INFO: [ template_filter ] --START--
INFO: Run Behavior\ContentReplaceBehavior [ RunTime:0.001001s ]
INFO: [ template_filter ] --END-- [ RunTime:0.001001s ]
INFO: Run Behavior\ParseTemplateBehavior [ RunTime:4.582262s ]
INFO: [ view_parse ] --END-- [ RunTime:4.582262s ]
INFO: [ view_filter ] --START--
INFO: Run Behavior\WriteHtmlCacheBehavior [ RunTime:0.000000s ]
INFO: [ view_filter ] --END-- [ RunTime:0.001000s ]
INFO: [ app_end ] --START--
INFO: Run Behavior\ShowPageTraceBehavior [ RunTime:0.001000s ]
INFO: [ app_end ] --END-- [ RunTime:0.001000s ]

[ 2017-01-09T09:59:20+08:00 ] ::1 /TP/t/index.php/Product/detail/id/19/tid/captcha.php?39466540
INFO: [ app_init ] --START--
INFO: Run Behavior\BuildLiteBehavior [ RunTime:0.000000s ]
INFO: [ app_init ] --END-- [ RunTime:0.003001s ]
INFO: [ app_begin ] --START--
INFO: Run Behavior\ReadHtmlCacheBehavior [ RunTime:0.000000s ]
INFO: [ app_begin ] --END-- [ RunTime:0.000000s ]
NOTIC: [8192] mysql_connect(): The mysql extension is deprecated and will be removed in the future: use mysqli or PDO instead D:\phpStudy\WWW\TP\t\library\ThinkPHP\Library\Think\Db\Driver\Mysql.class.php 第 52 行.
SQL: SHOW COLUMNS FROM `type` [ RunTime:0.005000s ]
SQL: SELECT * FROM `type` WHERE ( fid=0 )  [ RunTime:0.000000s ]
NOTIC: [8] Undefined index: username D:\phpStudy\WWW\TP\t\application\Home\Controller\BaseController.class.php 第 23 行.
NOTIC: [8] Undefined index: userid D:\phpStudy\WWW\TP\t\application\Home\Controller\BaseController.class.php 第 25 行.
SQL: SHOW COLUMNS FROM `cart` [ RunTime:0.003001s ]
SQL: SELECT SUM(buynum) AS tp_sum FROM `cart` WHERE ( userid= ) LIMIT 1   [ RunTime:0.000000s ]
ERR: 1064:You have an error in your SQL syntax; check the manual that corresponds to your MySQL server version for the right syntax to use near ') LIMIT 1' at line 1
 [ SQL语句 ] : SELECT SUM(buynum) AS tp_sum FROM `cart` WHERE ( userid= ) LIMIT 1  
SQL: SHOW COLUMNS FROM `product` [ RunTime:0.006000s ]
SQL: SELECT * FROM `product` WHERE ( id=19 ) LIMIT 1   [ RunTime:0.001000s ]
SQL: SHOW COLUMNS FROM `productimage` [ RunTime:0.004000s ]
SQL: SELECT * FROM `productimage` WHERE ( productid=19 ) LIMIT 1   [ RunTime:0.001000s ]
SQL: SELECT * FROM `productimage` WHERE ( productid=19 ) LIMIT 1   [ RunTime:0.001000s ]
SQL: SELECT * FROM `productimage` WHERE ( productid=19 ) LIMIT 1   [ RunTime:0.000000s ]
SQL: SELECT * FROM `productimage` WHERE ( productid=19 ) LIMIT 1   [ RunTime:0.001000s ]
SQL: SELECT * FROM `productimage` WHERE ( productid=19 ) LIMIT 1   [ RunTime:0.000000s ]
SQL: SELECT * FROM `productimage` WHERE ( productid=19 ) LIMIT 1   [ RunTime:0.001000s ]
SQL: SELECT * FROM `productimage` WHERE ( productid=19 ) LIMIT 1   [ RunTime:0.000000s ]
SQL: SELECT * FROM `productimage` WHERE ( productid=19 ) LIMIT 1   [ RunTime:0.000000s ]
SQL: SELECT * FROM `productimage` WHERE ( productid=19 ) LIMIT 1   [ RunTime:0.000000s ]
SQL: SELECT * FROM `productimage` WHERE ( productid=19 ) LIMIT 1   [ RunTime:0.001001s ]
SQL: SELECT * FROM `productimage` WHERE ( productid=19 ) LIMIT 1   [ RunTime:0.000000s ]
SQL: SELECT * FROM `type` WHERE ( id=1 ) LIMIT 1   [ RunTime:0.001000s ]
SQL: SELECT * FROM `type` WHERE ( id=2 ) LIMIT 1   [ RunTime:0.000000s ]
SQL: SHOW COLUMNS FROM `brand` [ RunTime:0.003000s ]
SQL: SELECT * FROM `brand` WHERE ( id=10 ) LIMIT 1   [ RunTime:0.000000s ]
SQL: SELECT * FROM `productimage` WHERE ( productid=19 )  [ RunTime:0.001000s ]
INFO: [ view_parse ] --START--
INFO: [ template_filter ] --START--
INFO: Run Behavior\ContentReplaceBehavior [ RunTime:0.000000s ]
INFO: [ template_filter ] --END-- [ RunTime:0.001001s ]
INFO: Run Behavior\ParseTemplateBehavior [ RunTime:0.028002s ]
INFO: [ view_parse ] --END-- [ RunTime:0.028002s ]
INFO: [ view_filter ] --START--
INFO: Run Behavior\WriteHtmlCacheBehavior [ RunTime:0.001000s ]
INFO: [ view_filter ] --END-- [ RunTime:0.001000s ]
INFO: [ app_end ] --START--
INFO: Run Behavior\ShowPageTraceBehavior [ RunTime:0.001000s ]
INFO: [ app_end ] --END-- [ RunTime:0.001000s ]

[ 2017-01-09T09:59:21+08:00 ] ::1 /TP/t/index.php/Product/detail/id/19/tid/api/cron.php?t=1344195518
INFO: [ app_init ] --START--
INFO: Run Behavior\BuildLiteBehavior [ RunTime:0.000000s ]
INFO: [ app_init ] --END-- [ RunTime:0.000000s ]
INFO: [ app_begin ] --START--
INFO: Run Behavior\ReadHtmlCacheBehavior [ RunTime:0.001000s ]
INFO: [ app_begin ] --END-- [ RunTime:0.001000s ]
NOTIC: [8192] mysql_connect(): The mysql extension is deprecated and will be removed in the future: use mysqli or PDO instead D:\phpStudy\WWW\TP\t\library\ThinkPHP\Library\Think\Db\Driver\Mysql.class.php 第 52 行.
SQL: SHOW COLUMNS FROM `type` [ RunTime:0.004000s ]
SQL: SELECT * FROM `type` WHERE ( fid=0 )  [ RunTime:0.001000s ]
NOTIC: [8] Undefined index: username D:\phpStudy\WWW\TP\t\application\Home\Controller\BaseController.class.php 第 23 行.
NOTIC: [8] Undefined index: userid D:\phpStudy\WWW\TP\t\application\Home\Controller\BaseController.class.php 第 25 行.
SQL: SHOW COLUMNS FROM `cart` [ RunTime:0.004000s ]
SQL: SELECT SUM(buynum) AS tp_sum FROM `cart` WHERE ( userid= ) LIMIT 1   [ RunTime:0.000000s ]
ERR: 1064:You have an error in your SQL syntax; check the manual that corresponds to your MySQL server version for the right syntax to use near ') LIMIT 1' at line 1
 [ SQL语句 ] : SELECT SUM(buynum) AS tp_sum FROM `cart` WHERE ( userid= ) LIMIT 1  
SQL: SHOW COLUMNS FROM `product` [ RunTime:0.002000s ]
SQL: SELECT * FROM `product` WHERE ( id=19 ) LIMIT 1   [ RunTime:0.000000s ]
SQL: SHOW COLUMNS FROM `productimage` [ RunTime:0.003001s ]
SQL: SELECT * FROM `productimage` WHERE ( productid=19 ) LIMIT 1   [ RunTime:0.000000s ]
SQL: SELECT * FROM `productimage` WHERE ( productid=19 ) LIMIT 1   [ RunTime:0.001000s ]
SQL: SELECT * FROM `productimage` WHERE ( productid=19 ) LIMIT 1   [ RunTime:0.000000s ]
SQL: SELECT * FROM `productimage` WHERE ( productid=19 ) LIMIT 1   [ RunTime:0.000000s ]
SQL: SELECT * FROM `productimage` WHERE ( productid=19 ) LIMIT 1   [ RunTime:0.000000s ]
SQL: SELECT * FROM `productimage` WHERE ( productid=19 ) LIMIT 1   [ RunTime:0.000000s ]
SQL: SELECT * FROM `productimage` WHERE ( productid=19 ) LIMIT 1   [ RunTime:0.001000s ]
SQL: SELECT * FROM `productimage` WHERE ( productid=19 ) LIMIT 1   [ RunTime:0.000000s ]
SQL: SELECT * FROM `productimage` WHERE ( productid=19 ) LIMIT 1   [ RunTime:0.000000s ]
SQL: SELECT * FROM `productimage` WHERE ( productid=19 ) LIMIT 1   [ RunTime:0.000000s ]
SQL: SELECT * FROM `productimage` WHERE ( productid=19 ) LIMIT 1   [ RunTime:0.001000s ]
SQL: SELECT * FROM `type` WHERE ( id=1 ) LIMIT 1   [ RunTime:0.000000s ]
SQL: SELECT * FROM `type` WHERE ( id=2 ) LIMIT 1   [ RunTime:0.000000s ]
SQL: SHOW COLUMNS FROM `brand` [ RunTime:0.004000s ]
SQL: SELECT * FROM `brand` WHERE ( id=10 ) LIMIT 1   [ RunTime:0.000000s ]
SQL: SELECT * FROM `productimage` WHERE ( productid=19 )  [ RunTime:0.002000s ]
INFO: [ view_parse ] --START--
INFO: [ template_filter ] --START--
INFO: Run Behavior\ContentReplaceBehavior [ RunTime:0.001000s ]
INFO: [ template_filter ] --END-- [ RunTime:0.001000s ]
INFO: Run Behavior\ParseTemplateBehavior [ RunTime:0.031002s ]
INFO: [ view_parse ] --END-- [ RunTime:0.031002s ]
INFO: [ view_filter ] --START--
INFO: Run Behavior\WriteHtmlCacheBehavior [ RunTime:0.001000s ]
INFO: [ view_filter ] --END-- [ RunTime:0.001000s ]
INFO: [ app_end ] --START--
INFO: Run Behavior\ShowPageTraceBehavior [ RunTime:0.001000s ]
INFO: [ app_end ] --END-- [ RunTime:0.001000s ]

[ 2017-01-09T09:59:25+08:00 ] ::1 /TP/t/index.php/Cart/index
INFO: [ app_init ] --START--
INFO: Run Behavior\BuildLiteBehavior [ RunTime:0.000000s ]
INFO: [ app_init ] --END-- [ RunTime:0.001000s ]
INFO: [ app_begin ] --START--
INFO: Run Behavior\ReadHtmlCacheBehavior [ RunTime:0.000000s ]
INFO: [ app_begin ] --END-- [ RunTime:0.000000s ]
INFO: [ view_parse ] --START--
INFO: [ template_filter ] --START--
INFO: Run Behavior\ContentReplaceBehavior [ RunTime:0.000000s ]
INFO: [ template_filter ] --END-- [ RunTime:0.000000s ]
INFO: Run Behavior\ParseTemplateBehavior [ RunTime:1.277073s ]
INFO: [ view_parse ] --END-- [ RunTime:1.277073s ]
INFO: [ view_filter ] --START--
INFO: Run Behavior\WriteHtmlCacheBehavior [ RunTime:0.000000s ]
INFO: [ view_filter ] --END-- [ RunTime:0.001000s ]

[ 2017-01-09T09:59:29+08:00 ] ::1 /TP/t/index.php/User/login/carUrl/http%3A%40%40localhost%40TP%40t%40index.php%40Product%40detail%40id%4019%40tid%401.html
INFO: [ app_init ] --START--
INFO: Run Behavior\BuildLiteBehavior [ RunTime:0.000000s ]
INFO: [ app_init ] --END-- [ RunTime:0.001000s ]
INFO: [ app_begin ] --START--
INFO: Run Behavior\ReadHtmlCacheBehavior [ RunTime:0.001000s ]
INFO: [ app_begin ] --END-- [ RunTime:0.001000s ]
NOTIC: [8192] mysql_connect(): The mysql extension is deprecated and will be removed in the future: use mysqli or PDO instead D:\phpStudy\WWW\TP\t\library\ThinkPHP\Library\Think\Db\Driver\Mysql.class.php 第 52 行.
SQL: SHOW COLUMNS FROM `type` [ RunTime:0.004000s ]
SQL: SELECT * FROM `type` WHERE ( fid=0 )  [ RunTime:0.001000s ]
NOTIC: [8] Undefined index: username D:\phpStudy\WWW\TP\t\application\Home\Controller\BaseController.class.php 第 23 行.
NOTIC: [8] Undefined index: userid D:\phpStudy\WWW\TP\t\application\Home\Controller\BaseController.class.php 第 25 行.
SQL: SHOW COLUMNS FROM `cart` [ RunTime:0.004000s ]
SQL: SELECT SUM(buynum) AS tp_sum FROM `cart` WHERE ( userid= ) LIMIT 1   [ RunTime:0.000000s ]
ERR: 1064:You have an error in your SQL syntax; check the manual that corresponds to your MySQL server version for the right syntax to use near ') LIMIT 1' at line 1
 [ SQL语句 ] : SELECT SUM(buynum) AS tp_sum FROM `cart` WHERE ( userid= ) LIMIT 1  
INFO: [ view_parse ] --START--
INFO: [ template_filter ] --START--
INFO: Run Behavior\ContentReplaceBehavior [ RunTime:0.000000s ]
INFO: [ template_filter ] --END-- [ RunTime:0.000000s ]
INFO: Run Behavior\ParseTemplateBehavior [ RunTime:0.015001s ]
INFO: [ view_parse ] --END-- [ RunTime:0.015001s ]
INFO: [ view_filter ] --START--
INFO: Run Behavior\WriteHtmlCacheBehavior [ RunTime:0.000000s ]
INFO: [ view_filter ] --END-- [ RunTime:0.000000s ]
INFO: [ app_end ] --START--
INFO: Run Behavior\ShowPageTraceBehavior [ RunTime:0.001000s ]
INFO: [ app_end ] --END-- [ RunTime:0.001000s ]

[ 2017-01-09T09:59:30+08:00 ] ::1 /TP/t/index.php/User/login/carUrl/http%3A%40%40localhost%40TP%40t%40index.php%40Product%40detail%40id%4019%40tid%401.html
INFO: [ app_init ] --START--
INFO: Run Behavior\BuildLiteBehavior [ RunTime:0.000000s ]
INFO: [ app_init ] --END-- [ RunTime:0.001000s ]
INFO: [ app_begin ] --START--
INFO: Run Behavior\ReadHtmlCacheBehavior [ RunTime:0.001000s ]
INFO: [ app_begin ] --END-- [ RunTime:0.001000s ]
NOTIC: [8192] mysql_connect(): The mysql extension is deprecated and will be removed in the future: use mysqli or PDO instead D:\phpStudy\WWW\TP\t\library\ThinkPHP\Library\Think\Db\Driver\Mysql.class.php 第 52 行.
SQL: SHOW COLUMNS FROM `type` [ RunTime:0.004000s ]
SQL: SELECT * FROM `type` WHERE ( fid=0 )  [ RunTime:0.000000s ]
NOTIC: [8] Undefined index: username D:\phpStudy\WWW\TP\t\application\Home\Controller\BaseController.class.php 第 23 行.
NOTIC: [8] Undefined index: userid D:\phpStudy\WWW\TP\t\application\Home\Controller\BaseController.class.php 第 25 行.
SQL: SHOW COLUMNS FROM `cart` [ RunTime:0.004000s ]
SQL: SELECT SUM(buynum) AS tp_sum FROM `cart` WHERE ( userid= ) LIMIT 1   [ RunTime:0.000000s ]
ERR: 1064:You have an error in your SQL syntax; check the manual that corresponds to your MySQL server version for the right syntax to use near ') LIMIT 1' at line 1
 [ SQL语句 ] : SELECT SUM(buynum) AS tp_sum FROM `cart` WHERE ( userid= ) LIMIT 1  
INFO: [ view_parse ] --START--
INFO: [ template_filter ] --START--
INFO: Run Behavior\ContentReplaceBehavior [ RunTime:0.001000s ]
INFO: [ template_filter ] --END-- [ RunTime:0.001000s ]
INFO: Run Behavior\ParseTemplateBehavior [ RunTime:0.017000s ]
INFO: [ view_parse ] --END-- [ RunTime:0.017000s ]
INFO: [ view_filter ] --START--
INFO: Run Behavior\WriteHtmlCacheBehavior [ RunTime:0.000000s ]
INFO: [ view_filter ] --END-- [ RunTime:0.000000s ]
INFO: [ app_end ] --START--
INFO: Run Behavior\ShowPageTraceBehavior [ RunTime:0.001000s ]
INFO: [ app_end ] --END-- [ RunTime:0.001000s ]

[ 2017-01-09T09:59:32+08:00 ] ::1 /TP/t/index.php/User/login/carUrl/api/cron.php?t=1344196727
INFO: [ app_init ] --START--
INFO: Run Behavior\BuildLiteBehavior [ RunTime:0.000000s ]
INFO: [ app_init ] --END-- [ RunTime:0.001000s ]
INFO: [ app_begin ] --START--
INFO: Run Behavior\ReadHtmlCacheBehavior [ RunTime:0.002000s ]
INFO: [ app_begin ] --END-- [ RunTime:0.002000s ]
NOTIC: [8192] mysql_connect(): The mysql extension is deprecated and will be removed in the future: use mysqli or PDO instead D:\phpStudy\WWW\TP\t\library\ThinkPHP\Library\Think\Db\Driver\Mysql.class.php 第 52 行.
SQL: SHOW COLUMNS FROM `type` [ RunTime:0.006000s ]
SQL: SELECT * FROM `type` WHERE ( fid=0 )  [ RunTime:0.001000s ]
NOTIC: [8] Undefined index: username D:\phpStudy\WWW\TP\t\application\Home\Controller\BaseController.class.php 第 23 行.
NOTIC: [8] Undefined index: userid D:\phpStudy\WWW\TP\t\application\Home\Controller\BaseController.class.php 第 25 行.
SQL: SHOW COLUMNS FROM `cart` [ RunTime:0.005001s ]
SQL: SELECT SUM(buynum) AS tp_sum FROM `cart` WHERE ( userid= ) LIMIT 1   [ RunTime:0.001000s ]
ERR: 1064:You have an error in your SQL syntax; check the manual that corresponds to your MySQL server version for the right syntax to use near ') LIMIT 1' at line 1
 [ SQL语句 ] : SELECT SUM(buynum) AS tp_sum FROM `cart` WHERE ( userid= ) LIMIT 1  
INFO: [ view_parse ] --START--
INFO: [ template_filter ] --START--
INFO: Run Behavior\ContentReplaceBehavior [ RunTime:0.000000s ]
INFO: [ template_filter ] --END-- [ RunTime:0.000000s ]
INFO: Run Behavior\ParseTemplateBehavior [ RunTime:0.018001s ]
INFO: [ view_parse ] --END-- [ RunTime:0.018001s ]
INFO: [ view_filter ] --START--
INFO: Run Behavior\WriteHtmlCacheBehavior [ RunTime:0.001000s ]
INFO: [ view_filter ] --END-- [ RunTime:0.001000s ]
INFO: [ app_end ] --START--
INFO: Run Behavior\ShowPageTraceBehavior [ RunTime:0.001000s ]
INFO: [ app_end ] --END-- [ RunTime:0.001000s ]

[ 2017-01-09T09:59:38+08:00 ] ::1 /TP/t/index.php/User/login/carUrl/http%3A%40%40localhost%40TP%40t%40index.php%40Product%40detail%40id%4019%40tid%401.html
INFO: [ app_init ] --START--
INFO: Run Behavior\BuildLiteBehavior [ RunTime:0.000000s ]
INFO: [ app_init ] --END-- [ RunTime:0.001000s ]
INFO: [ app_begin ] --START--
INFO: Run Behavior\ReadHtmlCacheBehavior [ RunTime:0.001000s ]
INFO: [ app_begin ] --END-- [ RunTime:0.001000s ]
NOTIC: [8192] mysql_connect(): The mysql extension is deprecated and will be removed in the future: use mysqli or PDO instead D:\phpStudy\WWW\TP\t\library\ThinkPHP\Library\Think\Db\Driver\Mysql.class.php 第 52 行.
SQL: SHOW COLUMNS FROM `type` [ RunTime:0.004000s ]
SQL: SELECT * FROM `type` WHERE ( fid=0 )  [ RunTime:0.001000s ]
NOTIC: [8] Undefined index: username D:\phpStudy\WWW\TP\t\application\Home\Controller\BaseController.class.php 第 23 行.
NOTIC: [8] Undefined index: userid D:\phpStudy\WWW\TP\t\application\Home\Controller\BaseController.class.php 第 25 行.
SQL: SHOW COLUMNS FROM `cart` [ RunTime:0.004001s ]
SQL: SELECT SUM(buynum) AS tp_sum FROM `cart` WHERE ( userid= ) LIMIT 1   [ RunTime:0.001000s ]
ERR: 1064:You have an error in your SQL syntax; check the manual that corresponds to your MySQL server version for the right syntax to use near ') LIMIT 1' at line 1
 [ SQL语句 ] : SELECT SUM(buynum) AS tp_sum FROM `cart` WHERE ( userid= ) LIMIT 1  
SQL: SHOW COLUMNS FROM `user` [ RunTime:0.004000s ]
SQL: SELECT * FROM `user` WHERE ( username='admin' and password=123456 ) LIMIT 1   [ RunTime:0.000000s ]
INFO: [ view_parse ] --START--
INFO: [ template_filter ] --START--
INFO: Run Behavior\ContentReplaceBehavior [ RunTime:0.000000s ]
INFO: [ template_filter ] --END-- [ RunTime:0.000000s ]
INFO: Run Behavior\ParseTemplateBehavior [ RunTime:0.008000s ]
INFO: [ view_parse ] --END-- [ RunTime:0.008000s ]
INFO: [ view_filter ] --START--
INFO: Run Behavior\WriteHtmlCacheBehavior [ RunTime:0.001000s ]
INFO: [ view_filter ] --END-- [ RunTime:0.001000s ]
INFO: [ app_end ] --START--
INFO: Run Behavior\ShowPageTraceBehavior [ RunTime:0.001000s ]
INFO: [ app_end ] --END-- [ RunTime:0.001000s ]

[ 2017-01-09T09:59:40+08:00 ] ::1 /TP/t/index.php/Product/detail/id/19/tid/1
INFO: [ app_init ] --START--
INFO: Run Behavior\BuildLiteBehavior [ RunTime:0.000000s ]
INFO: [ app_init ] --END-- [ RunTime:0.001000s ]
INFO: [ app_begin ] --START--
INFO: Run Behavior\ReadHtmlCacheBehavior [ RunTime:0.001000s ]
INFO: [ app_begin ] --END-- [ RunTime:0.001000s ]
NOTIC: [8192] mysql_connect(): The mysql extension is deprecated and will be removed in the future: use mysqli or PDO instead D:\phpStudy\WWW\TP\t\library\ThinkPHP\Library\Think\Db\Driver\Mysql.class.php 第 52 行.
SQL: SHOW COLUMNS FROM `type` [ RunTime:0.039003s ]
SQL: SELECT * FROM `type` WHERE ( fid=0 )  [ RunTime:0.000000s ]
SQL: SHOW COLUMNS FROM `cart` [ RunTime:0.004000s ]
SQL: SELECT SUM(buynum) AS tp_sum FROM `cart` WHERE ( userid=1 ) LIMIT 1   [ RunTime:0.000000s ]
SQL: SHOW COLUMNS FROM `product` [ RunTime:0.004000s ]
SQL: SELECT * FROM `product` WHERE ( id=19 ) LIMIT 1   [ RunTime:0.000000s ]
SQL: SHOW COLUMNS FROM `productimage` [ RunTime:0.004000s ]
SQL: SELECT * FROM `productimage` WHERE ( productid=19 ) LIMIT 1   [ RunTime:0.000000s ]
SQL: SELECT * FROM `productimage` WHERE ( productid=19 ) LIMIT 1   [ RunTime:0.000000s ]
SQL: SELECT * FROM `productimage` WHERE ( productid=19 ) LIMIT 1   [ RunTime:0.000000s ]
SQL: SELECT * FROM `productimage` WHERE ( productid=19 ) LIMIT 1   [ RunTime:0.000000s ]
SQL: SELECT * FROM `productimage` WHERE ( productid=19 ) LIMIT 1   [ RunTime:0.001000s ]
SQL: SELECT * FROM `productimage` WHERE ( productid=19 ) LIMIT 1   [ RunTime:0.000000s ]
SQL: SELECT * FROM `productimage` WHERE ( productid=19 ) LIMIT 1   [ RunTime:0.001000s ]
SQL: SELECT * FROM `productimage` WHERE ( productid=19 ) LIMIT 1   [ RunTime:0.000000s ]
SQL: SELECT * FROM `productimage` WHERE ( productid=19 ) LIMIT 1   [ RunTime:0.001000s ]
SQL: SELECT * FROM `productimage` WHERE ( productid=19 ) LIMIT 1   [ RunTime:0.000000s ]
SQL: SELECT * FROM `productimage` WHERE ( productid=19 ) LIMIT 1   [ RunTime:0.000000s ]
SQL: SELECT * FROM `type` WHERE ( id=1 ) LIMIT 1   [ RunTime:0.001000s ]
SQL: SELECT * FROM `type` WHERE ( id=2 ) LIMIT 1   [ RunTime:0.000000s ]
SQL: SHOW COLUMNS FROM `brand` [ RunTime:0.003000s ]
SQL: SELECT * FROM `brand` WHERE ( id=10 ) LIMIT 1   [ RunTime:0.000000s ]
SQL: SELECT * FROM `productimage` WHERE ( productid=19 )  [ RunTime:0.001000s ]
INFO: [ view_parse ] --START--
INFO: [ template_filter ] --START--
INFO: Run Behavior\ContentReplaceBehavior [ RunTime:0.001000s ]
INFO: [ template_filter ] --END-- [ RunTime:0.001000s ]
INFO: Run Behavior\ParseTemplateBehavior [ RunTime:0.026001s ]
INFO: [ view_parse ] --END-- [ RunTime:0.026001s ]
INFO: [ view_filter ] --START--
INFO: Run Behavior\WriteHtmlCacheBehavior [ RunTime:0.000000s ]
INFO: [ view_filter ] --END-- [ RunTime:0.000000s ]
INFO: [ app_end ] --START--
INFO: Run Behavior\ShowPageTraceBehavior [ RunTime:0.001001s ]
INFO: [ app_end ] --END-- [ RunTime:0.001001s ]

[ 2017-01-09T09:59:41+08:00 ] ::1 /TP/t/index.php/Product/detail/id/19/tid/api/cron.php?t=1344195518
INFO: [ app_init ] --START--
INFO: Run Behavior\BuildLiteBehavior [ RunTime:0.000000s ]
INFO: [ app_init ] --END-- [ RunTime:0.000000s ]
INFO: [ app_begin ] --START--
INFO: Run Behavior\ReadHtmlCacheBehavior [ RunTime:0.000000s ]
INFO: [ app_begin ] --END-- [ RunTime:0.000000s ]
NOTIC: [8192] mysql_connect(): The mysql extension is deprecated and will be removed in the future: use mysqli or PDO instead D:\phpStudy\WWW\TP\t\library\ThinkPHP\Library\Think\Db\Driver\Mysql.class.php 第 52 行.
SQL: SHOW COLUMNS FROM `type` [ RunTime:0.005000s ]
SQL: SELECT * FROM `type` WHERE ( fid=0 )  [ RunTime:0.000000s ]
SQL: SHOW COLUMNS FROM `cart` [ RunTime:0.004000s ]
SQL: SELECT SUM(buynum) AS tp_sum FROM `cart` WHERE ( userid=1 ) LIMIT 1   [ RunTime:0.001000s ]
SQL: SHOW COLUMNS FROM `product` [ RunTime:0.002001s ]
SQL: SELECT * FROM `product` WHERE ( id=19 ) LIMIT 1   [ RunTime:0.000000s ]
SQL: SHOW COLUMNS FROM `productimage` [ RunTime:0.002000s ]
SQL: SELECT * FROM `productimage` WHERE ( productid=19 ) LIMIT 1   [ RunTime:0.000000s ]
SQL: SELECT * FROM `productimage` WHERE ( productid=19 ) LIMIT 1   [ RunTime:0.000000s ]
SQL: SELECT * FROM `productimage` WHERE ( productid=19 ) LIMIT 1   [ RunTime:0.000000s ]
SQL: SELECT * FROM `productimage` WHERE ( productid=19 ) LIMIT 1   [ RunTime:0.000000s ]
SQL: SELECT * FROM `productimage` WHERE ( productid=19 ) LIMIT 1   [ RunTime:0.001000s ]
SQL: SELECT * FROM `productimage` WHERE ( productid=19 ) LIMIT 1   [ RunTime:0.000000s ]
SQL: SELECT * FROM `productimage` WHERE ( productid=19 ) LIMIT 1   [ RunTime:0.000000s ]
SQL: SELECT * FROM `productimage` WHERE ( productid=19 ) LIMIT 1   [ RunTime:0.000000s ]
SQL: SELECT * FROM `productimage` WHERE ( productid=19 ) LIMIT 1   [ RunTime:0.001000s ]
SQL: SELECT * FROM `productimage` WHERE ( productid=19 ) LIMIT 1   [ RunTime:0.000000s ]
SQL: SELECT * FROM `productimage` WHERE ( productid=19 ) LIMIT 1   [ RunTime:0.000000s ]
SQL: SELECT * FROM `type` WHERE ( id=1 ) LIMIT 1   [ RunTime:0.000000s ]
SQL: SELECT * FROM `type` WHERE ( id=2 ) LIMIT 1   [ RunTime:0.000000s ]
SQL: SHOW COLUMNS FROM `brand` [ RunTime:0.004000s ]
SQL: SELECT * FROM `brand` WHERE ( id=10 ) LIMIT 1   [ RunTime:0.000000s ]
SQL: SELECT * FROM `productimage` WHERE ( productid=19 )  [ RunTime:0.000000s ]
INFO: [ view_parse ] --START--
INFO: [ template_filter ] --START--
INFO: Run Behavior\ContentReplaceBehavior [ RunTime:0.001000s ]
INFO: [ template_filter ] --END-- [ RunTime:0.001000s ]
INFO: Run Behavior\ParseTemplateBehavior [ RunTime:0.029002s ]
INFO: [ view_parse ] --END-- [ RunTime:0.029002s ]
INFO: [ view_filter ] --START--
INFO: Run Behavior\WriteHtmlCacheBehavior [ RunTime:0.000000s ]
INFO: [ view_filter ] --END-- [ RunTime:0.000000s ]
INFO: [ app_end ] --START--
INFO: Run Behavior\ShowPageTraceBehavior [ RunTime:0.003000s ]
INFO: [ app_end ] --END-- [ RunTime:0.004000s ]

[ 2017-01-09T09:59:43+08:00 ] ::1 /TP/t/index.php/Product/detail/id/19/tid/captcha.php?39466540
INFO: [ app_init ] --START--
INFO: Run Behavior\BuildLiteBehavior [ RunTime:0.000000s ]
INFO: [ app_init ] --END-- [ RunTime:0.000000s ]
INFO: [ app_begin ] --START--
INFO: Run Behavior\ReadHtmlCacheBehavior [ RunTime:0.000000s ]
INFO: [ app_begin ] --END-- [ RunTime:0.000000s ]
NOTIC: [8192] mysql_connect(): The mysql extension is deprecated and will be removed in the future: use mysqli or PDO instead D:\phpStudy\WWW\TP\t\library\ThinkPHP\Library\Think\Db\Driver\Mysql.class.php 第 52 行.
SQL: SHOW COLUMNS FROM `type` [ RunTime:0.171009s ]
SQL: SELECT * FROM `type` WHERE ( fid=0 )  [ RunTime:0.000000s ]
SQL: SHOW COLUMNS FROM `cart` [ RunTime:0.002001s ]
SQL: SELECT SUM(buynum) AS tp_sum FROM `cart` WHERE ( userid=1 ) LIMIT 1   [ RunTime:0.000000s ]
SQL: SHOW COLUMNS FROM `product` [ RunTime:0.002000s ]
SQL: SELECT * FROM `product` WHERE ( id=19 ) LIMIT 1   [ RunTime:0.000000s ]
SQL: SHOW COLUMNS FROM `productimage` [ RunTime:0.003000s ]
SQL: SELECT * FROM `productimage` WHERE ( productid=19 ) LIMIT 1   [ RunTime:0.000000s ]
SQL: SELECT * FROM `productimage` WHERE ( productid=19 ) LIMIT 1   [ RunTime:0.000000s ]
SQL: SELECT * FROM `productimage` WHERE ( productid=19 ) LIMIT 1   [ RunTime:0.001000s ]
SQL: SELECT * FROM `productimage` WHERE ( productid=19 ) LIMIT 1   [ RunTime:0.000000s ]
SQL: SELECT * FROM `productimage` WHERE ( productid=19 ) LIMIT 1   [ RunTime:0.000000s ]
SQL: SELECT * FROM `productimage` WHERE ( productid=19 ) LIMIT 1   [ RunTime:0.002000s ]
SQL: SELECT * FROM `productimage` WHERE ( productid=19 ) LIMIT 1   [ RunTime:0.001000s ]
SQL: SELECT * FROM `productimage` WHERE ( productid=19 ) LIMIT 1   [ RunTime:0.000000s ]
SQL: SELECT * FROM `productimage` WHERE ( productid=19 ) LIMIT 1   [ RunTime:0.001000s ]
SQL: SELECT * FROM `productimage` WHERE ( productid=19 ) LIMIT 1   [ RunTime:0.000000s ]
SQL: SELECT * FROM `productimage` WHERE ( productid=19 ) LIMIT 1   [ RunTime:0.000000s ]
SQL: SELECT * FROM `type` WHERE ( id=1 ) LIMIT 1   [ RunTime:0.000000s ]
SQL: SELECT * FROM `type` WHERE ( id=2 ) LIMIT 1   [ RunTime:0.001000s ]
SQL: SHOW COLUMNS FROM `brand` [ RunTime:0.004001s ]
SQL: SELECT * FROM `brand` WHERE ( id=10 ) LIMIT 1   [ RunTime:0.001000s ]
SQL: SELECT * FROM `productimage` WHERE ( productid=19 )  [ RunTime:0.001000s ]
INFO: [ view_parse ] --START--
INFO: [ template_filter ] --START--
INFO: Run Behavior\ContentReplaceBehavior [ RunTime:0.000000s ]
INFO: [ template_filter ] --END-- [ RunTime:0.000000s ]
INFO: Run Behavior\ParseTemplateBehavior [ RunTime:0.028001s ]
INFO: [ view_parse ] --END-- [ RunTime:0.028001s ]
INFO: [ view_filter ] --START--
INFO: Run Behavior\WriteHtmlCacheBehavior [ RunTime:0.001000s ]
INFO: [ view_filter ] --END-- [ RunTime:0.001000s ]
INFO: [ app_end ] --START--
INFO: Run Behavior\ShowPageTraceBehavior [ RunTime:0.000000s ]
INFO: [ app_end ] --END-- [ RunTime:0.001000s ]

[ 2017-01-09T09:59:45+08:00 ] ::1 /TP/t/index.php/Cart/index
INFO: [ app_init ] --START--
INFO: Run Behavior\BuildLiteBehavior [ RunTime:0.000000s ]
INFO: [ app_init ] --END-- [ RunTime:0.001000s ]
INFO: [ app_begin ] --START--
INFO: Run Behavior\ReadHtmlCacheBehavior [ RunTime:0.000000s ]
INFO: [ app_begin ] --END-- [ RunTime:0.000000s ]
NOTIC: [8192] mysql_connect(): The mysql extension is deprecated and will be removed in the future: use mysqli or PDO instead D:\phpStudy\WWW\TP\t\library\ThinkPHP\Library\Think\Db\Driver\Mysql.class.php 第 52 行.
SQL: SHOW COLUMNS FROM `type` [ RunTime:0.002000s ]
SQL: SELECT * FROM `type` WHERE ( fid=0 )  [ RunTime:0.000000s ]
SQL: SHOW COLUMNS FROM `cart` [ RunTime:0.002000s ]
SQL: SELECT SUM(buynum) AS tp_sum FROM `cart` WHERE ( userid=1 ) LIMIT 1   [ RunTime:0.000000s ]
SQL: SELECT * FROM `cart` WHERE ( userid=1&&productid=19 ) LIMIT 1   [ RunTime:0.001000s ]
SQL: INSERT INTO `cart` (`buynum`,`productid`,`pubtime`,`userid`,`ip`) VALUES (1,19,1483927185,1,'::1') [ RunTime:0.000000s ]

[ 2017-01-09T09:59:47+08:00 ] ::1 /TP/t/index.php/Cart/index.html
INFO: [ app_init ] --START--
INFO: Run Behavior\BuildLiteBehavior [ RunTime:0.000000s ]
INFO: [ app_init ] --END-- [ RunTime:0.001000s ]
INFO: [ app_begin ] --START--
INFO: Run Behavior\ReadHtmlCacheBehavior [ RunTime:0.001000s ]
INFO: [ app_begin ] --END-- [ RunTime:0.001000s ]
NOTIC: [8192] mysql_connect(): The mysql extension is deprecated and will be removed in the future: use mysqli or PDO instead D:\phpStudy\WWW\TP\t\library\ThinkPHP\Library\Think\Db\Driver\Mysql.class.php 第 52 行.
SQL: SHOW COLUMNS FROM `type` [ RunTime:0.002001s ]
SQL: SELECT * FROM `type` WHERE ( fid=0 )  [ RunTime:0.001000s ]
SQL: SHOW COLUMNS FROM `cart` [ RunTime:0.002000s ]
SQL: SELECT SUM(buynum) AS tp_sum FROM `cart` WHERE ( userid=1 ) LIMIT 1   [ RunTime:0.001000s ]
SQL: SELECT c.*,p.title,p.style,p.saleprice FROM cart c INNER JOIN product p on c.productid=p.id  WHERE ( userid=1 ) [ RunTime:0.001000s ]
SQL: SHOW COLUMNS FROM `productimage` [ RunTime:0.003000s ]
NOTIC: [8] Undefined variable: cmoney D:\phpStudy\WWW\TP\t\application\Home\Controller\CartController.class.php 第 68 行.
SQL: SELECT * FROM `productimage` WHERE ( productid=19 ) LIMIT 1   [ RunTime:0.001000s ]
INFO: [ view_parse ] --START--
INFO: [ template_filter ] --START--
INFO: Run Behavior\ContentReplaceBehavior [ RunTime:0.000000s ]
INFO: [ template_filter ] --END-- [ RunTime:0.001000s ]
INFO: Run Behavior\ParseTemplateBehavior [ RunTime:0.174010s ]
INFO: [ view_parse ] --END-- [ RunTime:0.174010s ]
INFO: [ view_filter ] --START--
INFO: Run Behavior\WriteHtmlCacheBehavior [ RunTime:0.001000s ]
INFO: [ view_filter ] --END-- [ RunTime:0.001000s ]
INFO: [ app_end ] --START--
INFO: Run Behavior\ShowPageTraceBehavior [ RunTime:0.005000s ]
INFO: [ app_end ] --END-- [ RunTime:0.005000s ]

[ 2017-01-09T09:59:49+08:00 ] ::1 /TP/t/index.php/Cart/api/cron.php?t=1344206124
INFO: [ app_init ] --START--
INFO: Run Behavior\BuildLiteBehavior [ RunTime:0.000000s ]
INFO: [ app_init ] --END-- [ RunTime:0.001001s ]
INFO: [ app_begin ] --START--
INFO: Run Behavior\ReadHtmlCacheBehavior [ RunTime:0.001000s ]
INFO: [ app_begin ] --END-- [ RunTime:0.001000s ]
NOTIC: [8192] mysql_connect(): The mysql extension is deprecated and will be removed in the future: use mysqli or PDO instead D:\phpStudy\WWW\TP\t\library\ThinkPHP\Library\Think\Db\Driver\Mysql.class.php 第 52 行.
SQL: SHOW COLUMNS FROM `type` [ RunTime:0.003000s ]
SQL: SELECT * FROM `type` WHERE ( fid=0 )  [ RunTime:0.001000s ]
SQL: SHOW COLUMNS FROM `cart` [ RunTime:0.004000s ]
SQL: SELECT SUM(buynum) AS tp_sum FROM `cart` WHERE ( userid=1 ) LIMIT 1   [ RunTime:0.000000s ]
ERR: 非法操作:api

[ 2017-01-09T10:00:18+08:00 ] ::1 /TP/t/index.php/User/login/carUrl/http%3A%40%40localhost%40TP%40t%40index.php%40Product%40detail%40id%4019%40tid%401.html
INFO: [ app_init ] --START--
INFO: Run Behavior\BuildLiteBehavior [ RunTime:0.000000s ]
INFO: [ app_init ] --END-- [ RunTime:0.001000s ]
INFO: [ app_begin ] --START--
INFO: Run Behavior\ReadHtmlCacheBehavior [ RunTime:0.001000s ]
INFO: [ app_begin ] --END-- [ RunTime:0.001000s ]
NOTIC: [8192] mysql_connect(): The mysql extension is deprecated and will be removed in the future: use mysqli or PDO instead D:\phpStudy\WWW\TP\t\library\ThinkPHP\Library\Think\Db\Driver\Mysql.class.php 第 52 行.
SQL: SHOW COLUMNS FROM `type` [ RunTime:0.005001s ]
SQL: SELECT * FROM `type` WHERE ( fid=0 )  [ RunTime:0.001000s ]
SQL: SHOW COLUMNS FROM `cart` [ RunTime:0.006000s ]
SQL: SELECT SUM(buynum) AS tp_sum FROM `cart` WHERE ( userid=1 ) LIMIT 1   [ RunTime:0.001000s ]
INFO: [ view_parse ] --START--
INFO: [ template_filter ] --START--
INFO: Run Behavior\ContentReplaceBehavior [ RunTime:0.000000s ]
INFO: [ template_filter ] --END-- [ RunTime:0.001000s ]
INFO: Run Behavior\ParseTemplateBehavior [ RunTime:0.018001s ]
INFO: [ view_parse ] --END-- [ RunTime:0.018001s ]
INFO: [ view_filter ] --START--
INFO: Run Behavior\WriteHtmlCacheBehavior [ RunTime:0.001000s ]
INFO: [ view_filter ] --END-- [ RunTime:0.001000s ]
INFO: [ app_end ] --START--
INFO: Run Behavior\ShowPageTraceBehavior [ RunTime:0.001000s ]
INFO: [ app_end ] --END-- [ RunTime:0.001000s ]

[ 2017-01-09T10:00:19+08:00 ] ::1 /TP/t/index.php/Product/detail/id/19/tid/1
INFO: [ app_init ] --START--
INFO: Run Behavior\BuildLiteBehavior [ RunTime:0.000000s ]
INFO: [ app_init ] --END-- [ RunTime:0.001000s ]
INFO: [ app_begin ] --START--
INFO: Run Behavior\ReadHtmlCacheBehavior [ RunTime:0.000000s ]
INFO: [ app_begin ] --END-- [ RunTime:0.001000s ]
NOTIC: [8192] mysql_connect(): The mysql extension is deprecated and will be removed in the future: use mysqli or PDO instead D:\phpStudy\WWW\TP\t\library\ThinkPHP\Library\Think\Db\Driver\Mysql.class.php 第 52 行.
SQL: SHOW COLUMNS FROM `type` [ RunTime:0.002000s ]
SQL: SELECT * FROM `type` WHERE ( fid=0 )  [ RunTime:0.000000s ]
SQL: SHOW COLUMNS FROM `cart` [ RunTime:0.002000s ]
SQL: SELECT SUM(buynum) AS tp_sum FROM `cart` WHERE ( userid=1 ) LIMIT 1   [ RunTime:0.000000s ]
SQL: SHOW COLUMNS FROM `product` [ RunTime:0.002000s ]
SQL: SELECT * FROM `product` WHERE ( id=19 ) LIMIT 1   [ RunTime:0.000000s ]
SQL: SHOW COLUMNS FROM `productimage` [ RunTime:0.003001s ]
SQL: SELECT * FROM `productimage` WHERE ( productid=19 ) LIMIT 1   [ RunTime:0.000000s ]
SQL: SELECT * FROM `productimage` WHERE ( productid=19 ) LIMIT 1   [ RunTime:0.000000s ]
SQL: SELECT * FROM `productimage` WHERE ( productid=19 ) LIMIT 1   [ RunTime:0.000000s ]
SQL: SELECT * FROM `productimage` WHERE ( productid=19 ) LIMIT 1   [ RunTime:0.000000s ]
SQL: SELECT * FROM `productimage` WHERE ( productid=19 ) LIMIT 1   [ RunTime:0.000000s ]
SQL: SELECT * FROM `productimage` WHERE ( productid=19 ) LIMIT 1   [ RunTime:0.001000s ]
SQL: SELECT * FROM `productimage` WHERE ( productid=19 ) LIMIT 1   [ RunTime:0.000000s ]
SQL: SELECT * FROM `productimage` WHERE ( productid=19 ) LIMIT 1   [ RunTime:0.000000s ]
SQL: SELECT * FROM `productimage` WHERE ( productid=19 ) LIMIT 1   [ RunTime:0.000000s ]
SQL: SELECT * FROM `productimage` WHERE ( productid=19 ) LIMIT 1   [ RunTime:0.001000s ]
SQL: SELECT * FROM `productimage` WHERE ( productid=19 ) LIMIT 1   [ RunTime:0.000000s ]
SQL: SELECT * FROM `type` WHERE ( id=1 ) LIMIT 1   [ RunTime:0.000000s ]
SQL: SELECT * FROM `type` WHERE ( id=2 ) LIMIT 1   [ RunTime:0.000000s ]
SQL: SHOW COLUMNS FROM `brand` [ RunTime:0.003000s ]
SQL: SELECT * FROM `brand` WHERE ( id=10 ) LIMIT 1   [ RunTime:0.000000s ]
SQL: SELECT * FROM `productimage` WHERE ( productid=19 )  [ RunTime:0.000000s ]
INFO: [ view_parse ] --START--
INFO: [ template_filter ] --START--
INFO: Run Behavior\ContentReplaceBehavior [ RunTime:0.001000s ]
INFO: [ template_filter ] --END-- [ RunTime:0.001000s ]
INFO: Run Behavior\ParseTemplateBehavior [ RunTime:0.025001s ]
INFO: [ view_parse ] --END-- [ RunTime:0.025001s ]
INFO: [ view_filter ] --START--
INFO: Run Behavior\WriteHtmlCacheBehavior [ RunTime:0.000000s ]
INFO: [ view_filter ] --END-- [ RunTime:0.000000s ]
INFO: [ app_end ] --START--
INFO: Run Behavior\ShowPageTraceBehavior [ RunTime:0.001000s ]
INFO: [ app_end ] --END-- [ RunTime:0.001000s ]

[ 2017-01-09T10:00:21+08:00 ] ::1 /TP/t/index.php/Product/detail/id/19/tid/captcha.php?39466540
INFO: [ app_init ] --START--
INFO: Run Behavior\BuildLiteBehavior [ RunTime:0.000000s ]
INFO: [ app_init ] --END-- [ RunTime:0.001000s ]
INFO: [ app_begin ] --START--
INFO: Run Behavior\ReadHtmlCacheBehavior [ RunTime:0.001000s ]
INFO: [ app_begin ] --END-- [ RunTime:0.001000s ]
NOTIC: [8192] mysql_connect(): The mysql extension is deprecated and will be removed in the future: use mysqli or PDO instead D:\phpStudy\WWW\TP\t\library\ThinkPHP\Library\Think\Db\Driver\Mysql.class.php 第 52 行.
SQL: SHOW COLUMNS FROM `type` [ RunTime:0.005000s ]
SQL: SELECT * FROM `type` WHERE ( fid=0 )  [ RunTime:0.000000s ]
SQL: SHOW COLUMNS FROM `cart` [ RunTime:0.005001s ]
SQL: SELECT SUM(buynum) AS tp_sum FROM `cart` WHERE ( userid=1 ) LIMIT 1   [ RunTime:0.001000s ]
SQL: SHOW COLUMNS FROM `product` [ RunTime:0.003000s ]
SQL: SELECT * FROM `product` WHERE ( id=19 ) LIMIT 1   [ RunTime:0.000000s ]
SQL: SHOW COLUMNS FROM `productimage` [ RunTime:0.004000s ]
SQL: SELECT * FROM `productimage` WHERE ( productid=19 ) LIMIT 1   [ RunTime:0.000000s ]
SQL: SELECT * FROM `productimage` WHERE ( productid=19 ) LIMIT 1   [ RunTime:0.001000s ]
SQL: SELECT * FROM `productimage` WHERE ( productid=19 ) LIMIT 1   [ RunTime:0.000000s ]
SQL: SELECT * FROM `productimage` WHERE ( productid=19 ) LIMIT 1   [ RunTime:0.001000s ]
SQL: SELECT * FROM `productimage` WHERE ( productid=19 ) LIMIT 1   [ RunTime:0.000000s ]
SQL: SELECT * FROM `productimage` WHERE ( productid=19 ) LIMIT 1   [ RunTime:0.000000s ]
SQL: SELECT * FROM `productimage` WHERE ( productid=19 ) LIMIT 1   [ RunTime:0.000000s ]
SQL: SELECT * FROM `productimage` WHERE ( productid=19 ) LIMIT 1   [ RunTime:0.000000s ]
SQL: SELECT * FROM `productimage` WHERE ( productid=19 ) LIMIT 1   [ RunTime:0.001000s ]
SQL: SELECT * FROM `productimage` WHERE ( productid=19 ) LIMIT 1   [ RunTime:0.001000s ]
SQL: SELECT * FROM `productimage` WHERE ( productid=19 ) LIMIT 1   [ RunTime:0.000000s ]
SQL: SELECT * FROM `type` WHERE ( id=1 ) LIMIT 1   [ RunTime:0.000000s ]
SQL: SELECT * FROM `type` WHERE ( id=2 ) LIMIT 1   [ RunTime:0.001001s ]
SQL: SHOW COLUMNS FROM `brand` [ RunTime:0.004000s ]
SQL: SELECT * FROM `brand` WHERE ( id=10 ) LIMIT 1   [ RunTime:0.001000s ]
SQL: SELECT * FROM `productimage` WHERE ( productid=19 )  [ RunTime:0.000000s ]
INFO: [ view_parse ] --START--
INFO: [ template_filter ] --START--
INFO: Run Behavior\ContentReplaceBehavior [ RunTime:0.001000s ]
INFO: [ template_filter ] --END-- [ RunTime:0.001000s ]
INFO: Run Behavior\ParseTemplateBehavior [ RunTime:0.035002s ]
INFO: [ view_parse ] --END-- [ RunTime:0.035002s ]
INFO: [ view_filter ] --START--
INFO: Run Behavior\WriteHtmlCacheBehavior [ RunTime:0.000000s ]
INFO: [ view_filter ] --END-- [ RunTime:0.000000s ]
INFO: [ app_end ] --START--
INFO: Run Behavior\ShowPageTraceBehavior [ RunTime:0.001000s ]
INFO: [ app_end ] --END-- [ RunTime:0.001000s ]

[ 2017-01-09T10:00:22+08:00 ] ::1 /TP/t/index.php/Product/detail/id/19/tid/api/cron.php?t=1344195518
INFO: [ app_init ] --START--
INFO: Run Behavior\BuildLiteBehavior [ RunTime:0.000000s ]
INFO: [ app_init ] --END-- [ RunTime:0.000000s ]
INFO: [ app_begin ] --START--
INFO: Run Behavior\ReadHtmlCacheBehavior [ RunTime:0.000000s ]
INFO: [ app_begin ] --END-- [ RunTime:0.000000s ]
NOTIC: [8192] mysql_connect(): The mysql extension is deprecated and will be removed in the future: use mysqli or PDO instead D:\phpStudy\WWW\TP\t\library\ThinkPHP\Library\Think\Db\Driver\Mysql.class.php 第 52 行.
SQL: SHOW COLUMNS FROM `type` [ RunTime:0.003001s ]
SQL: SELECT * FROM `type` WHERE ( fid=0 )  [ RunTime:0.000000s ]
SQL: SHOW COLUMNS FROM `cart` [ RunTime:0.002000s ]
SQL: SELECT SUM(buynum) AS tp_sum FROM `cart` WHERE ( userid=1 ) LIMIT 1   [ RunTime:0.000000s ]
SQL: SHOW COLUMNS FROM `product` [ RunTime:0.004000s ]
SQL: SELECT * FROM `product` WHERE ( id=19 ) LIMIT 1   [ RunTime:0.001000s ]
SQL: SHOW COLUMNS FROM `productimage` [ RunTime:0.004000s ]
SQL: SELECT * FROM `productimage` WHERE ( productid=19 ) LIMIT 1   [ RunTime:0.001000s ]
SQL: SELECT * FROM `productimage` WHERE ( productid=19 ) LIMIT 1   [ RunTime:0.002000s ]
SQL: SELECT * FROM `productimage` WHERE ( productid=19 ) LIMIT 1   [ RunTime:0.000000s ]
SQL: SELECT * FROM `productimage` WHERE ( productid=19 ) LIMIT 1   [ RunTime:0.000000s ]
SQL: SELECT * FROM `productimage` WHERE ( productid=19 ) LIMIT 1   [ RunTime:0.001000s ]
SQL: SELECT * FROM `productimage` WHERE ( productid=19 ) LIMIT 1   [ RunTime:0.000000s ]
SQL: SELECT * FROM `productimage` WHERE ( productid=19 ) LIMIT 1   [ RunTime:0.000000s ]
SQL: SELECT * FROM `productimage` WHERE ( productid=19 ) LIMIT 1   [ RunTime:0.000000s ]
SQL: SELECT * FROM `productimage` WHERE ( productid=19 ) LIMIT 1   [ RunTime:0.000000s ]
SQL: SELECT * FROM `productimage` WHERE ( productid=19 ) LIMIT 1   [ RunTime:0.000000s ]
SQL: SELECT * FROM `productimage` WHERE ( productid=19 ) LIMIT 1   [ RunTime:0.000000s ]
SQL: SELECT * FROM `type` WHERE ( id=1 ) LIMIT 1   [ RunTime:0.000000s ]
SQL: SELECT * FROM `type` WHERE ( id=2 ) LIMIT 1   [ RunTime:0.000000s ]
SQL: SHOW COLUMNS FROM `brand` [ RunTime:0.003000s ]
SQL: SELECT * FROM `brand` WHERE ( id=10 ) LIMIT 1   [ RunTime:0.000000s ]
SQL: SELECT * FROM `productimage` WHERE ( productid=19 )  [ RunTime:0.002000s ]
INFO: [ view_parse ] --START--
INFO: [ template_filter ] --START--
INFO: Run Behavior\ContentReplaceBehavior [ RunTime:0.001000s ]
INFO: [ template_filter ] --END-- [ RunTime:0.001000s ]
INFO: Run Behavior\ParseTemplateBehavior [ RunTime:0.029002s ]
INFO: [ view_parse ] --END-- [ RunTime:0.029002s ]
INFO: [ view_filter ] --START--
INFO: Run Behavior\WriteHtmlCacheBehavior [ RunTime:0.000000s ]
INFO: [ view_filter ] --END-- [ RunTime:0.000000s ]
INFO: [ app_end ] --START--
INFO: Run Behavior\ShowPageTraceBehavior [ RunTime:0.000000s ]
INFO: [ app_end ] --END-- [ RunTime:0.000000s ]

[ 2017-01-09T10:00:23+08:00 ] ::1 /TP/t/index.php/Product/detail/id/19/tid/
INFO: [ app_init ] --START--
INFO: Run Behavior\BuildLiteBehavior [ RunTime:0.000000s ]
INFO: [ app_init ] --END-- [ RunTime:0.001000s ]
INFO: [ app_begin ] --START--
INFO: Run Behavior\ReadHtmlCacheBehavior [ RunTime:0.001001s ]
INFO: [ app_begin ] --END-- [ RunTime:0.001001s ]
NOTIC: [8192] mysql_connect(): The mysql extension is deprecated and will be removed in the future: use mysqli or PDO instead D:\phpStudy\WWW\TP\t\library\ThinkPHP\Library\Think\Db\Driver\Mysql.class.php 第 52 行.
SQL: SHOW COLUMNS FROM `type` [ RunTime:0.004000s ]
SQL: SELECT * FROM `type` WHERE ( fid=0 )  [ RunTime:0.000000s ]
SQL: SHOW COLUMNS FROM `cart` [ RunTime:0.005001s ]
SQL: SELECT SUM(buynum) AS tp_sum FROM `cart` WHERE ( userid=1 ) LIMIT 1   [ RunTime:0.001000s ]
SQL: SHOW COLUMNS FROM `product` [ RunTime:0.004000s ]
SQL: SELECT * FROM `product` WHERE ( id=19 ) LIMIT 1   [ RunTime:0.001000s ]
SQL: SHOW COLUMNS FROM `productimage` [ RunTime:0.003000s ]
SQL: SELECT * FROM `productimage` WHERE ( productid=19 ) LIMIT 1   [ RunTime:0.001000s ]
SQL: SELECT * FROM `productimage` WHERE ( productid=19 ) LIMIT 1   [ RunTime:0.002000s ]
SQL: SELECT * FROM `productimage` WHERE ( productid=19 ) LIMIT 1   [ RunTime:0.002001s ]
SQL: SELECT * FROM `productimage` WHERE ( productid=19 ) LIMIT 1   [ RunTime:0.001000s ]
SQL: SELECT * FROM `productimage` WHERE ( productid=19 ) LIMIT 1   [ RunTime:0.000000s ]
SQL: SELECT * FROM `productimage` WHERE ( productid=19 ) LIMIT 1   [ RunTime:0.000000s ]
SQL: SELECT * FROM `productimage` WHERE ( productid=19 ) LIMIT 1   [ RunTime:0.000000s ]
SQL: SELECT * FROM `productimage` WHERE ( productid=19 ) LIMIT 1   [ RunTime:0.001000s ]
SQL: SELECT * FROM `productimage` WHERE ( productid=19 ) LIMIT 1   [ RunTime:0.000000s ]
SQL: SELECT * FROM `productimage` WHERE ( productid=19 ) LIMIT 1   [ RunTime:0.000000s ]
SQL: SELECT * FROM `productimage` WHERE ( productid=19 ) LIMIT 1   [ RunTime:0.001000s ]
SQL: SELECT * FROM `type` WHERE ( id=1 ) LIMIT 1   [ RunTime:0.000000s ]
SQL: SELECT * FROM `type` WHERE ( id=2 ) LIMIT 1   [ RunTime:0.000000s ]
SQL: SHOW COLUMNS FROM `brand` [ RunTime:0.005000s ]
SQL: SELECT * FROM `brand` WHERE ( id=10 ) LIMIT 1   [ RunTime:0.006000s ]
SQL: SELECT * FROM `productimage` WHERE ( productid=19 )  [ RunTime:0.001000s ]
INFO: [ view_parse ] --START--
INFO: [ template_filter ] --START--
INFO: Run Behavior\ContentReplaceBehavior [ RunTime:0.001000s ]
INFO: [ template_filter ] --END-- [ RunTime:0.001000s ]
INFO: Run Behavior\ParseTemplateBehavior [ RunTime:0.031002s ]
INFO: [ view_parse ] --END-- [ RunTime:0.031002s ]
INFO: [ view_filter ] --START--
INFO: Run Behavior\WriteHtmlCacheBehavior [ RunTime:0.000000s ]
INFO: [ view_filter ] --END-- [ RunTime:0.000000s ]
INFO: [ app_end ] --START--
INFO: Run Behavior\ShowPageTraceBehavior [ RunTime:0.003001s ]
INFO: [ app_end ] --END-- [ RunTime:0.004001s ]

